    ./venv/bin/python -m bot.main
/home/skittles/suse_files/Documents/GitHub/TGBOTDIRECTORY/TgBotForIngo/bot/main.py:26: PTBUserWarning: If 'per_message=False', 'CallbackQueryHandler' will not be tracked for every message. Read this FAQ entry to learn more about the per_* settings: https://github.com/python-telegram-bot/python-telegram-bot/wiki/Frequently-Asked-Questions#what-do-the-per_-settings-in-conversationhandler-do.
  conv_handler = ConversationHandler(
2025-11-02 20:46:15,717 - httpx - INFO - HTTP Request: POST https://api.telegram.org/bot8095688366:AAFxpRFHa_KxYSGLX5ipgE50uCTZRGsAkno/getMe "HTTP/1.1 200 OK"
2025-11-02 20:46:15,781 - httpx - INFO - HTTP Request: POST https://api.telegram.org/bot8095688366:AAFxpRFHa_KxYSGLX5ipgE50uCTZRGsAkno/deleteWebhook "HTTP/1.1 200 OK"
2025-11-02 20:46:15,782 - telegram.ext.Application - INFO - Application started
2025-11-02 20:46:18,307 - telegram.ext.Application - ERROR - No error handlers are registered, logging exception.
Traceback (most recent call last):
  File "/home/skittles/suse_files/Documents/GitHub/TGBOTDIRECTORY/TgBotForIngo/venv/lib64/python3.13/site-packages/httpx/_transports/default.py", line 101, in map_httpcore_exceptions
    yield
  File "/home/skittles/suse_files/Documents/GitHub/TGBOTDIRECTORY/TgBotForIngo/venv/lib64/python3.13/site-packages/httpx/_transports/default.py", line 394, in handle_async_request
    resp = await self._pool.handle_async_request(req)
           ^^^^^^^^^^^^^^^^^^^^^^^^^^^^^^^^^^^^^^^^^^
  File "/home/skittles/suse_files/Documents/GitHub/TGBOTDIRECTORY/TgBotForIngo/venv/lib64/python3.13/site-packages/httpcore/_async/connection_pool.py", line 256, in handle_async_request
    raise exc from None
  File "/home/skittles/suse_files/Documents/GitHub/TGBOTDIRECTORY/TgBotForIngo/venv/lib64/python3.13/site-packages/httpcore/_async/connection_pool.py", line 236, in handle_async_request
    response = await connection.handle_async_request(
               ^^^^^^^^^^^^^^^^^^^^^^^^^^^^^^^^^^^^^^
        pool_request.request
        ^^^^^^^^^^^^^^^^^^^^
    )
    ^
  File "/home/skittles/suse_files/Documents/GitHub/TGBOTDIRECTORY/TgBotForIngo/venv/lib64/python3.13/site-packages/httpcore/_async/connection.py", line 101, in handle_async_request
    raise exc
  File "/home/skittles/suse_files/Documents/GitHub/TGBOTDIRECTORY/TgBotForIngo/venv/lib64/python3.13/site-packages/httpcore/_async/connection.py", line 78, in handle_async_request
    stream = await self._connect(request)
             ^^^^^^^^^^^^^^^^^^^^^^^^^^^^
  File "/home/skittles/suse_files/Documents/GitHub/TGBOTDIRECTORY/TgBotForIngo/venv/lib64/python3.13/site-packages/httpcore/_async/connection.py", line 156, in _connect
    stream = await stream.start_tls(**kwargs)
             ^^^^^^^^^^^^^^^^^^^^^^^^^^^^^^^^
  File "/home/skittles/suse_files/Documents/GitHub/TGBOTDIRECTORY/TgBotForIngo/venv/lib64/python3.13/site-packages/httpcore/_backends/anyio.py", line 67, in start_tls
    with map_exceptions(exc_map):
         ~~~~~~~~~~~~~~^^^^^^^^^
  File "/usr/lib64/python3.13/contextlib.py", line 162, in __exit__
    self.gen.throw(value)
    ~~~~~~~~~~~~~~^^^^^^^
  File "/home/skittles/suse_files/Documents/GitHub/TGBOTDIRECTORY/TgBotForIngo/venv/lib64/python3.13/site-packages/httpcore/_exceptions.py", line 14, in map_exceptions
    raise to_exc(exc) from exc
httpcore.ConnectError

The above exception was the direct cause of the following exception:

Traceback (most recent call last):
  File "/home/skittles/suse_files/Documents/GitHub/TGBOTDIRECTORY/TgBotForIngo/venv/lib64/python3.13/site-packages/telegram/request/_httpxrequest.py", line 279, in do_request
    res = await self._client.request(
          ^^^^^^^^^^^^^^^^^^^^^^^^^^^
    ...<6 lines>...
    )
    ^
  File "/home/skittles/suse_files/Documents/GitHub/TGBOTDIRECTORY/TgBotForIngo/venv/lib64/python3.13/site-packages/httpx/_client.py", line 1540, in request
    return await self.send(request, auth=auth, follow_redirects=follow_redirects)
           ^^^^^^^^^^^^^^^^^^^^^^^^^^^^^^^^^^^^^^^^^^^^^^^^^^^^^^^^^^^^^^^^^^^^^^
  File "/home/skittles/suse_files/Documents/GitHub/TGBOTDIRECTORY/TgBotForIngo/venv/lib64/python3.13/site-packages/httpx/_client.py", line 1629, in send
    response = await self._send_handling_auth(
               ^^^^^^^^^^^^^^^^^^^^^^^^^^^^^^^
    ...<4 lines>...
    )
    ^
  File "/home/skittles/suse_files/Documents/GitHub/TGBOTDIRECTORY/TgBotForIngo/venv/lib64/python3.13/site-packages/httpx/_client.py", line 1657, in _send_handling_auth
    response = await self._send_handling_redirects(
               ^^^^^^^^^^^^^^^^^^^^^^^^^^^^^^^^^^^^
    ...<3 lines>...
    )
    ^
  File "/home/skittles/suse_files/Documents/GitHub/TGBOTDIRECTORY/TgBotForIngo/venv/lib64/python3.13/site-packages/httpx/_client.py", line 1694, in _send_handling_redirects
    response = await self._send_single_request(request)
               ^^^^^^^^^^^^^^^^^^^^^^^^^^^^^^^^^^^^^^^^
  File "/home/skittles/suse_files/Documents/GitHub/TGBOTDIRECTORY/TgBotForIngo/venv/lib64/python3.13/site-packages/httpx/_client.py", line 1730, in _send_single_request
    response = await transport.handle_async_request(request)
               ^^^^^^^^^^^^^^^^^^^^^^^^^^^^^^^^^^^^^^^^^^^^^
  File "/home/skittles/suse_files/Documents/GitHub/TGBOTDIRECTORY/TgBotForIngo/venv/lib64/python3.13/site-packages/httpx/_transports/default.py", line 393, in handle_async_request
    with map_httpcore_exceptions():
         ~~~~~~~~~~~~~~~~~~~~~~~^^
  File "/usr/lib64/python3.13/contextlib.py", line 162, in __exit__
    self.gen.throw(value)
    ~~~~~~~~~~~~~~^^^^^^^
  File "/home/skittles/suse_files/Documents/GitHub/TGBOTDIRECTORY/TgBotForIngo/venv/lib64/python3.13/site-packages/httpx/_transports/default.py", line 118, in map_httpcore_exceptions
    raise mapped_exc(message) from exc
httpx.ConnectError

The above exception was the direct cause of the following exception:

Traceback (most recent call last):
  File "/home/skittles/suse_files/Documents/GitHub/TGBOTDIRECTORY/TgBotForIngo/venv/lib64/python3.13/site-packages/telegram/ext/_utils/networkloop.py", line 134, in network_retry_loop
    await do_action()
  File "/home/skittles/suse_files/Documents/GitHub/TGBOTDIRECTORY/TgBotForIngo/venv/lib64/python3.13/site-packages/telegram/ext/_utils/networkloop.py", line 127, in do_action
    action_cb_task.result()
    ~~~~~~~~~~~~~~~~~~~~~^^
  File "/home/skittles/suse_files/Documents/GitHub/TGBOTDIRECTORY/TgBotForIngo/venv/lib64/python3.13/site-packages/telegram/ext/_updater.py", line 340, in polling_action_cb
    updates = await self.bot.get_updates(
              ^^^^^^^^^^^^^^^^^^^^^^^^^^^
    ...<3 lines>...
    )
    ^
  File "/home/skittles/suse_files/Documents/GitHub/TGBOTDIRECTORY/TgBotForIngo/venv/lib64/python3.13/site-packages/telegram/ext/_extbot.py", line 676, in get_updates
    updates = await super().get_updates(
              ^^^^^^^^^^^^^^^^^^^^^^^^^^
    ...<9 lines>...
    )
    ^
  File "/home/skittles/suse_files/Documents/GitHub/TGBOTDIRECTORY/TgBotForIngo/venv/lib64/python3.13/site-packages/telegram/_bot.py", line 4780, in get_updates
    await self._post(
    ^^^^^^^^^^^^^^^^^
    ...<7 lines>...
    ),
    ^
  File "/home/skittles/suse_files/Documents/GitHub/TGBOTDIRECTORY/TgBotForIngo/venv/lib64/python3.13/site-packages/telegram/_bot.py", line 703, in _post
    return await self._do_post(
           ^^^^^^^^^^^^^^^^^^^^
    ...<6 lines>...
    )
    ^
  File "/home/skittles/suse_files/Documents/GitHub/TGBOTDIRECTORY/TgBotForIngo/venv/lib64/python3.13/site-packages/telegram/ext/_extbot.py", line 372, in _do_post
    return await super()._do_post(
           ^^^^^^^^^^^^^^^^^^^^^^^
    ...<6 lines>...
    )
    ^
  File "/home/skittles/suse_files/Documents/GitHub/TGBOTDIRECTORY/TgBotForIngo/venv/lib64/python3.13/site-packages/telegram/_bot.py", line 732, in _do_post
    result = await request.post(
             ^^^^^^^^^^^^^^^^^^^
    ...<6 lines>...
    )
    ^
  File "/home/skittles/suse_files/Documents/GitHub/TGBOTDIRECTORY/TgBotForIngo/venv/lib64/python3.13/site-packages/telegram/request/_baserequest.py", line 198, in post
    result = await self._request_wrapper(
             ^^^^^^^^^^^^^^^^^^^^^^^^^^^^
    ...<7 lines>...
    )
    ^
  File "/home/skittles/suse_files/Documents/GitHub/TGBOTDIRECTORY/TgBotForIngo/venv/lib64/python3.13/site-packages/telegram/request/_baserequest.py", line 305, in _request_wrapper
    code, payload = await self.do_request(
                    ^^^^^^^^^^^^^^^^^^^^^^
    ...<7 lines>...
    )
    ^
  File "/home/skittles/suse_files/Documents/GitHub/TGBOTDIRECTORY/TgBotForIngo/venv/lib64/python3.13/site-packages/telegram/request/_httpxrequest.py", line 303, in do_request
    raise NetworkError(f"httpx.{err.__class__.__name__}: {err}") from err
telegram.error.NetworkError: httpx.ConnectError: 
2025-11-02 20:46:26,503 - httpx - INFO - HTTP Request: POST https://api.telegram.org/bot8095688366:AAFxpRFHa_KxYSGLX5ipgE50uCTZRGsAkno/getUpdates "HTTP/1.1 200 OK"
2025-11-02 20:46:29,220 - telegram.ext.Application - ERROR - No error handlers are registered, logging exception.
Traceback (most recent call last):
  File "/home/skittles/suse_files/Documents/GitHub/TGBOTDIRECTORY/TgBotForIngo/venv/lib64/python3.13/site-packages/httpx/_transports/default.py", line 101, in map_httpcore_exceptions
    yield
  File "/home/skittles/suse_files/Documents/GitHub/TGBOTDIRECTORY/TgBotForIngo/venv/lib64/python3.13/site-packages/httpx/_transports/default.py", line 394, in handle_async_request
    resp = await self._pool.handle_async_request(req)
           ^^^^^^^^^^^^^^^^^^^^^^^^^^^^^^^^^^^^^^^^^^
  File "/home/skittles/suse_files/Documents/GitHub/TGBOTDIRECTORY/TgBotForIngo/venv/lib64/python3.13/site-packages/httpcore/_async/connection_pool.py", line 256, in handle_async_request
    raise exc from None
  File "/home/skittles/suse_files/Documents/GitHub/TGBOTDIRECTORY/TgBotForIngo/venv/lib64/python3.13/site-packages/httpcore/_async/connection_pool.py", line 236, in handle_async_request
    response = await connection.handle_async_request(
               ^^^^^^^^^^^^^^^^^^^^^^^^^^^^^^^^^^^^^^
        pool_request.request
        ^^^^^^^^^^^^^^^^^^^^
    )
    ^
  File "/home/skittles/suse_files/Documents/GitHub/TGBOTDIRECTORY/TgBotForIngo/venv/lib64/python3.13/site-packages/httpcore/_async/connection.py", line 101, in handle_async_request
    raise exc
  File "/home/skittles/suse_files/Documents/GitHub/TGBOTDIRECTORY/TgBotForIngo/venv/lib64/python3.13/site-packages/httpcore/_async/connection.py", line 78, in handle_async_request
    stream = await self._connect(request)
             ^^^^^^^^^^^^^^^^^^^^^^^^^^^^
  File "/home/skittles/suse_files/Documents/GitHub/TGBOTDIRECTORY/TgBotForIngo/venv/lib64/python3.13/site-packages/httpcore/_async/connection.py", line 156, in _connect
    stream = await stream.start_tls(**kwargs)
             ^^^^^^^^^^^^^^^^^^^^^^^^^^^^^^^^
  File "/home/skittles/suse_files/Documents/GitHub/TGBOTDIRECTORY/TgBotForIngo/venv/lib64/python3.13/site-packages/httpcore/_backends/anyio.py", line 67, in start_tls
    with map_exceptions(exc_map):
         ~~~~~~~~~~~~~~^^^^^^^^^
  File "/usr/lib64/python3.13/contextlib.py", line 162, in __exit__
    self.gen.throw(value)
    ~~~~~~~~~~~~~~^^^^^^^
  File "/home/skittles/suse_files/Documents/GitHub/TGBOTDIRECTORY/TgBotForIngo/venv/lib64/python3.13/site-packages/httpcore/_exceptions.py", line 14, in map_exceptions
    raise to_exc(exc) from exc
httpcore.ConnectError

The above exception was the direct cause of the following exception:

Traceback (most recent call last):
  File "/home/skittles/suse_files/Documents/GitHub/TGBOTDIRECTORY/TgBotForIngo/venv/lib64/python3.13/site-packages/telegram/request/_httpxrequest.py", line 279, in do_request
    res = await self._client.request(
          ^^^^^^^^^^^^^^^^^^^^^^^^^^^
    ...<6 lines>...
    )
    ^
  File "/home/skittles/suse_files/Documents/GitHub/TGBOTDIRECTORY/TgBotForIngo/venv/lib64/python3.13/site-packages/httpx/_client.py", line 1540, in request
    return await self.send(request, auth=auth, follow_redirects=follow_redirects)
           ^^^^^^^^^^^^^^^^^^^^^^^^^^^^^^^^^^^^^^^^^^^^^^^^^^^^^^^^^^^^^^^^^^^^^^
  File "/home/skittles/suse_files/Documents/GitHub/TGBOTDIRECTORY/TgBotForIngo/venv/lib64/python3.13/site-packages/httpx/_client.py", line 1629, in send
    response = await self._send_handling_auth(
               ^^^^^^^^^^^^^^^^^^^^^^^^^^^^^^^
    ...<4 lines>...
    )
    ^
  File "/home/skittles/suse_files/Documents/GitHub/TGBOTDIRECTORY/TgBotForIngo/venv/lib64/python3.13/site-packages/httpx/_client.py", line 1657, in _send_handling_auth
    response = await self._send_handling_redirects(
               ^^^^^^^^^^^^^^^^^^^^^^^^^^^^^^^^^^^^
    ...<3 lines>...
    )
    ^
  File "/home/skittles/suse_files/Documents/GitHub/TGBOTDIRECTORY/TgBotForIngo/venv/lib64/python3.13/site-packages/httpx/_client.py", line 1694, in _send_handling_redirects
    response = await self._send_single_request(request)
               ^^^^^^^^^^^^^^^^^^^^^^^^^^^^^^^^^^^^^^^^
  File "/home/skittles/suse_files/Documents/GitHub/TGBOTDIRECTORY/TgBotForIngo/venv/lib64/python3.13/site-packages/httpx/_client.py", line 1730, in _send_single_request
    response = await transport.handle_async_request(request)
               ^^^^^^^^^^^^^^^^^^^^^^^^^^^^^^^^^^^^^^^^^^^^^
  File "/home/skittles/suse_files/Documents/GitHub/TGBOTDIRECTORY/TgBotForIngo/venv/lib64/python3.13/site-packages/httpx/_transports/default.py", line 393, in handle_async_request
    with map_httpcore_exceptions():
         ~~~~~~~~~~~~~~~~~~~~~~~^^
  File "/usr/lib64/python3.13/contextlib.py", line 162, in __exit__
    self.gen.throw(value)
    ~~~~~~~~~~~~~~^^^^^^^
  File "/home/skittles/suse_files/Documents/GitHub/TGBOTDIRECTORY/TgBotForIngo/venv/lib64/python3.13/site-packages/httpx/_transports/default.py", line 118, in map_httpcore_exceptions
    raise mapped_exc(message) from exc
httpx.ConnectError

The above exception was the direct cause of the following exception:

Traceback (most recent call last):
  File "/home/skittles/suse_files/Documents/GitHub/TGBOTDIRECTORY/TgBotForIngo/venv/lib64/python3.13/site-packages/telegram/ext/_application.py", line 1182, in __create_task_callback
    return await coroutine  # type: ignore[misc]
           ^^^^^^^^^^^^^^^
  File "/home/skittles/suse_files/Documents/GitHub/TGBOTDIRECTORY/TgBotForIngo/venv/lib64/python3.13/site-packages/telegram/ext/_handlers/basehandler.py", line 159, in handle_update
    return await self.callback(update, context)
           ^^^^^^^^^^^^^^^^^^^^^^^^^^^^^^^^^^^^
  File "/home/skittles/suse_files/Documents/GitHub/TGBOTDIRECTORY/TgBotForIngo/bot/handlers/commands.py", line 13, in start
    await update.message.reply_text(
    ...<4 lines>...
    )
  File "/home/skittles/suse_files/Documents/GitHub/TGBOTDIRECTORY/TgBotForIngo/venv/lib64/python3.13/site-packages/telegram/_message.py", line 2060, in reply_text
    return await self.get_bot().send_message(
           ^^^^^^^^^^^^^^^^^^^^^^^^^^^^^^^^^^
    ...<21 lines>...
    )
    ^
  File "/home/skittles/suse_files/Documents/GitHub/TGBOTDIRECTORY/TgBotForIngo/venv/lib64/python3.13/site-packages/telegram/ext/_extbot.py", line 3107, in send_message
    return await super().send_message(
           ^^^^^^^^^^^^^^^^^^^^^^^^^^^
    ...<23 lines>...
    )
    ^
  File "/home/skittles/suse_files/Documents/GitHub/TGBOTDIRECTORY/TgBotForIngo/venv/lib64/python3.13/site-packages/telegram/_bot.py", line 1118, in send_message
    return await self._send_message(
           ^^^^^^^^^^^^^^^^^^^^^^^^^
    ...<21 lines>...
    )
    ^
  File "/home/skittles/suse_files/Documents/GitHub/TGBOTDIRECTORY/TgBotForIngo/venv/lib64/python3.13/site-packages/telegram/ext/_extbot.py", line 634, in _send_message
    result = await super()._send_message(
             ^^^^^^^^^^^^^^^^^^^^^^^^^^^^
    ...<23 lines>...
    )
    ^
  File "/home/skittles/suse_files/Documents/GitHub/TGBOTDIRECTORY/TgBotForIngo/venv/lib64/python3.13/site-packages/telegram/_bot.py", line 819, in _send_message
    result = await self._post(
             ^^^^^^^^^^^^^^^^^
    ...<7 lines>...
    )
    ^
  File "/home/skittles/suse_files/Documents/GitHub/TGBOTDIRECTORY/TgBotForIngo/venv/lib64/python3.13/site-packages/telegram/_bot.py", line 703, in _post
    return await self._do_post(
           ^^^^^^^^^^^^^^^^^^^^
    ...<6 lines>...
    )
    ^
  File "/home/skittles/suse_files/Documents/GitHub/TGBOTDIRECTORY/TgBotForIngo/venv/lib64/python3.13/site-packages/telegram/ext/_extbot.py", line 372, in _do_post
    return await super()._do_post(
           ^^^^^^^^^^^^^^^^^^^^^^^
    ...<6 lines>...
    )
    ^
  File "/home/skittles/suse_files/Documents/GitHub/TGBOTDIRECTORY/TgBotForIngo/venv/lib64/python3.13/site-packages/telegram/_bot.py", line 732, in _do_post
    result = await request.post(
             ^^^^^^^^^^^^^^^^^^^
    ...<6 lines>...
    )
    ^
  File "/home/skittles/suse_files/Documents/GitHub/TGBOTDIRECTORY/TgBotForIngo/venv/lib64/python3.13/site-packages/telegram/request/_baserequest.py", line 198, in post
    result = await self._request_wrapper(
             ^^^^^^^^^^^^^^^^^^^^^^^^^^^^
    ...<7 lines>...
    )
    ^
  File "/home/skittles/suse_files/Documents/GitHub/TGBOTDIRECTORY/TgBotForIngo/venv/lib64/python3.13/site-packages/telegram/request/_baserequest.py", line 305, in _request_wrapper
    code, payload = await self.do_request(
                    ^^^^^^^^^^^^^^^^^^^^^^
    ...<7 lines>...
    )
    ^
  File "/home/skittles/suse_files/Documents/GitHub/TGBOTDIRECTORY/TgBotForIngo/venv/lib64/python3.13/site-packages/telegram/request/_httpxrequest.py", line 303, in do_request
    raise NetworkError(f"httpx.{err.__class__.__name__}: {err}") from err
telegram.error.NetworkError: httpx.ConnectError: 
2025-11-02 20:46:31,573 - httpx - INFO - HTTP Request: POST https://api.telegram.org/bot8095688366:AAFxpRFHa_KxYSGLX5ipgE50uCTZRGsAkno/getUpdates "HTTP/1.1 200 OK"
2025-11-02 20:46:31,574 - telegram.ext.ConversationHandler - ERROR - Task function raised exception. Falling back to old state None
NoneType: None
2025-11-02 20:46:32,282 - httpx - INFO - HTTP Request: POST https://api.telegram.org/bot8095688366:AAFxpRFHa_KxYSGLX5ipgE50uCTZRGsAkno/sendMessage "HTTP/1.1 200 OK"
2025-11-02 20:46:34,135 - httpx - INFO - HTTP Request: POST https://api.telegram.org/bot8095688366:AAFxpRFHa_KxYSGLX5ipgE50uCTZRGsAkno/getUpdates "HTTP/1.1 200 OK"
2025-11-02 20:46:34,222 - httpx - INFO - HTTP Request: POST https://api.telegram.org/bot8095688366:AAFxpRFHa_KxYSGLX5ipgE50uCTZRGsAkno/sendMessage "HTTP/1.1 200 OK"
2025-11-02 20:46:36,272 - httpx - INFO - HTTP Request: POST https://api.telegram.org/bot8095688366:AAFxpRFHa_KxYSGLX5ipgE50uCTZRGsAkno/getUpdates "HTTP/1.1 200 OK"
2025-11-02 20:46:36,542 - httpx - INFO - HTTP Request: POST https://api.telegram.org/bot8095688366:AAFxpRFHa_KxYSGLX5ipgE50uCTZRGsAkno/answerCallbackQuery "HTTP/1.1 200 OK"
2025-11-02 20:46:36,845 - httpx - INFO - HTTP Request: POST https://api.telegram.org/bot8095688366:AAFxpRFHa_KxYSGLX5ipgE50uCTZRGsAkno/editMessageText "HTTP/1.1 200 OK"
2025-11-02 20:46:38,244 - httpx - INFO - HTTP Request: POST https://api.telegram.org/bot8095688366:AAFxpRFHa_KxYSGLX5ipgE50uCTZRGsAkno/getUpdates "HTTP/1.1 200 OK"
2025-11-02 20:46:38,413 - httpx - INFO - HTTP Request: POST https://api.telegram.org/bot8095688366:AAFxpRFHa_KxYSGLX5ipgE50uCTZRGsAkno/answerCallbackQuery "HTTP/1.1 200 OK"
2025-11-02 20:46:38,516 - httpx - INFO - HTTP Request: POST https://api.telegram.org/bot8095688366:AAFxpRFHa_KxYSGLX5ipgE50uCTZRGsAkno/editMessageText "HTTP/1.1 200 OK"
2025-11-02 20:46:39,731 - httpx - INFO - HTTP Request: POST https://api.telegram.org/bot8095688366:AAFxpRFHa_KxYSGLX5ipgE50uCTZRGsAkno/getUpdates "HTTP/1.1 200 OK"
2025-11-02 20:46:39,807 - httpx - INFO - HTTP Request: POST https://api.telegram.org/bot8095688366:AAFxpRFHa_KxYSGLX5ipgE50uCTZRGsAkno/answerCallbackQuery "HTTP/1.1 200 OK"
2025-11-02 20:46:39,940 - httpx - INFO - HTTP Request: POST https://api.telegram.org/bot8095688366:AAFxpRFHa_KxYSGLX5ipgE50uCTZRGsAkno/editMessageText "HTTP/1.1 200 OK"
2025-11-02 20:46:40,816 - httpx - INFO - HTTP Request: POST https://api.telegram.org/bot8095688366:AAFxpRFHa_KxYSGLX5ipgE50uCTZRGsAkno/getUpdates "HTTP/1.1 200 OK"
2025-11-02 20:46:40,878 - httpx - INFO - HTTP Request: POST https://api.telegram.org/bot8095688366:AAFxpRFHa_KxYSGLX5ipgE50uCTZRGsAkno/answerCallbackQuery "HTTP/1.1 200 OK"
2025-11-02 20:46:40,972 - httpx - INFO - HTTP Request: POST https://api.telegram.org/bot8095688366:AAFxpRFHa_KxYSGLX5ipgE50uCTZRGsAkno/editMessageText "HTTP/1.1 200 OK"
2025-11-02 20:46:45,385 - httpx - INFO - HTTP Request: POST https://api.telegram.org/bot8095688366:AAFxpRFHa_KxYSGLX5ipgE50uCTZRGsAkno/getUpdates "HTTP/1.1 200 OK"
2025-11-02 20:46:45,503 - httpx - INFO - HTTP Request: POST https://api.telegram.org/bot8095688366:AAFxpRFHa_KxYSGLX5ipgE50uCTZRGsAkno/sendMessage "HTTP/1.1 200 OK"
2025-11-02 20:46:46,450 - httpx - INFO - HTTP Request: POST https://api.telegram.org/bot8095688366:AAFxpRFHa_KxYSGLX5ipgE50uCTZRGsAkno/getUpdates "HTTP/1.1 200 OK"
2025-11-02 20:46:46,557 - httpx - INFO - HTTP Request: POST https://api.telegram.org/bot8095688366:AAFxpRFHa_KxYSGLX5ipgE50uCTZRGsAkno/sendMessage "HTTP/1.1 200 OK"
2025-11-02 20:46:47,590 - httpx - INFO - HTTP Request: POST https://api.telegram.org/bot8095688366:AAFxpRFHa_KxYSGLX5ipgE50uCTZRGsAkno/getUpdates "HTTP/1.1 200 OK"
2025-11-02 20:46:47,654 - httpx - INFO - HTTP Request: POST https://api.telegram.org/bot8095688366:AAFxpRFHa_KxYSGLX5ipgE50uCTZRGsAkno/answerCallbackQuery "HTTP/1.1 200 OK"
2025-11-02 20:46:47,732 - httpx - INFO - HTTP Request: POST https://api.telegram.org/bot8095688366:AAFxpRFHa_KxYSGLX5ipgE50uCTZRGsAkno/editMessageText "HTTP/1.1 200 OK"
2025-11-02 20:46:48,607 - httpx - INFO - HTTP Request: POST https://api.telegram.org/bot8095688366:AAFxpRFHa_KxYSGLX5ipgE50uCTZRGsAkno/getUpdates "HTTP/1.1 200 OK"
2025-11-02 20:46:48,693 - httpx - INFO - HTTP Request: POST https://api.telegram.org/bot8095688366:AAFxpRFHa_KxYSGLX5ipgE50uCTZRGsAkno/answerCallbackQuery "HTTP/1.1 200 OK"
2025-11-02 20:46:48,834 - httpx - INFO - HTTP Request: POST https://api.telegram.org/bot8095688366:AAFxpRFHa_KxYSGLX5ipgE50uCTZRGsAkno/editMessageText "HTTP/1.1 200 OK"
2025-11-02 20:46:49,983 - httpx - INFO - HTTP Request: POST https://api.telegram.org/bot8095688366:AAFxpRFHa_KxYSGLX5ipgE50uCTZRGsAkno/getUpdates "HTTP/1.1 200 OK"
2025-11-02 20:46:50,271 - httpx - INFO - HTTP Request: POST https://api.telegram.org/bot8095688366:AAFxpRFHa_KxYSGLX5ipgE50uCTZRGsAkno/answerCallbackQuery "HTTP/1.1 200 OK"
2025-11-02 20:46:50,564 - httpx - INFO - HTTP Request: POST https://api.telegram.org/bot8095688366:AAFxpRFHa_KxYSGLX5ipgE50uCTZRGsAkno/editMessageText "HTTP/1.1 200 OK"